<?xml version="1.0" encoding="UTF-8"?>
<testng-results skipped="0" failed="1" ignored="0" total="2" passed="1">
  <reporter-output>
  </reporter-output>
  <suite name="Suite" duration-ms="60384" started-at="2018-02-08T19:48:12Z" finished-at="2018-02-08T19:49:12Z">
    <groups>
    </groups>
    <test name="ATAG" duration-ms="49049" started-at="2018-02-08T19:48:12Z" finished-at="2018-02-08T19:49:01Z">
      <class name="smoketest.AtagTest">
        <test-method status="PASS" signature="setUpTNG()[pri:0, instance:smoketest.AtagTest@10bbd20a]" name="setUpTNG" is-config="true" duration-ms="44113" started-at="2018-02-08T14:48:12Z" finished-at="2018-02-08T14:48:56Z">
          <reporter-output>
          </reporter-output>
        </test-method> <!-- setUpTNG -->
        <test-method status="FAIL" signature="testATag()[pri:0, instance:smoketest.AtagTest@10bbd20a]" name="testATag" duration-ms="3770" started-at="2018-02-08T14:48:56Z" finished-at="2018-02-08T14:49:00Z">
          <exception class="java.lang.AssertionError">
            <message>
              <![CDATA[expected [true] but found [false]]]>
            </message>
            <full-stacktrace>
              <![CDATA[java.lang.AssertionError: expected [true] but found [false]at org.testng.Assert.fail(Assert.java:96)at org.testng.Assert.failNotEquals(Assert.java:776)at org.testng.Assert.assertTrue(Assert.java:44)at org.testng.Assert.assertTrue(Assert.java:54)at smoketest.AtagTest.testATag(AtagTest.java:38)at sun.reflect.NativeMethodAccessorImpl.invoke0(Native Method)at sun.reflect.NativeMethodAccessorImpl.invoke(NativeMethodAccessorImpl.java:62)at sun.reflect.DelegatingMethodAccessorImpl.invoke(DelegatingMethodAccessorImpl.java:43)at java.lang.reflect.Method.invoke(Method.java:498)at org.testng.internal.MethodInvocationHelper.invokeMethod(MethodInvocationHelper.java:124)at org.testng.internal.Invoker.invokeMethod(Invoker.java:571)at org.testng.internal.Invoker.invokeTestMethod(Invoker.java:707)at org.testng.internal.Invoker.invokeTestMethods(Invoker.java:979)at org.testng.internal.TestMethodWorker.invokeTestMethods(TestMethodWorker.java:125)at org.testng.internal.TestMethodWorker.run(TestMethodWorker.java:109)at org.testng.TestRunner.privateRun(TestRunner.java:648)at org.testng.TestRunner.run(TestRunner.java:505)at org.testng.SuiteRunner.runTest(SuiteRunner.java:455)at org.testng.SuiteRunner.runSequentially(SuiteRunner.java:450)at org.testng.SuiteRunner.privateRun(SuiteRunner.java:415)at org.testng.SuiteRunner.run(SuiteRunner.java:364)at org.testng.SuiteRunnerWorker.runSuite(SuiteRunnerWorker.java:52)at org.testng.SuiteRunnerWorker.run(SuiteRunnerWorker.java:84)at org.testng.TestNG.runSuitesSequentially(TestNG.java:1187)at org.testng.TestNG.runSuitesLocally(TestNG.java:1116)at org.testng.TestNG.runSuites(TestNG.java:1028)at org.testng.TestNG.run(TestNG.java:996)at org.testng.remote.AbstractRemoteTestNG.run(AbstractRemoteTestNG.java:114)at org.testng.remote.RemoteTestNG.initAndRun(RemoteTestNG.java:251)at org.testng.remote.RemoteTestNG.main(RemoteTestNG.java:77)]]>
            </full-stacktrace>
          </exception> <!-- java.lang.AssertionError -->
          <reporter-output>
          </reporter-output>
        </test-method> <!-- testATag -->
        <test-method status="PASS" signature="endTNG()[pri:0, instance:smoketest.AtagTest@10bbd20a]" name="endTNG" is-config="true" duration-ms="1074" started-at="2018-02-08T14:49:00Z" finished-at="2018-02-08T14:49:01Z">
          <reporter-output>
          </reporter-output>
        </test-method> <!-- endTNG -->
      </class> <!-- smoketest.AtagTest -->
    </test> <!-- ATAG -->
    <test name="LOGIN" duration-ms="10380" started-at="2018-02-08T19:49:02Z" finished-at="2018-02-08T19:49:12Z">
      <class name="smoketest.LoginTestNG">
        <test-method status="PASS" signature="setUpTNG()[pri:0, instance:smoketest.LoginTestNG@305fd85d]" name="setUpTNG" is-config="true" duration-ms="5734" started-at="2018-02-08T14:49:02Z" finished-at="2018-02-08T14:49:08Z">
          <reporter-output>
          </reporter-output>
        </test-method> <!-- setUpTNG -->
        <test-method status="PASS" signature="testTNG()[pri:0, instance:smoketest.LoginTestNG@305fd85d]" name="testTNG" duration-ms="4304" started-at="2018-02-08T14:49:08Z" finished-at="2018-02-08T14:49:12Z">
          <reporter-output>
          </reporter-output>
        </test-method> <!-- testTNG -->
        <test-method status="PASS" signature="endTNG()[pri:0, instance:smoketest.LoginTestNG@305fd85d]" name="endTNG" is-config="true" duration-ms="335" started-at="2018-02-08T14:49:12Z" finished-at="2018-02-08T14:49:12Z">
          <reporter-output>
          </reporter-output>
        </test-method> <!-- endTNG -->
      </class> <!-- smoketest.LoginTestNG -->
    </test> <!-- LOGIN -->
  </suite> <!-- Suite -->
</testng-results>
