<?xml version="1.0" encoding="UTF-8"?>
<!-- Generated by org.testng.reporters.JUnitXMLReporter -->
<testsuite hostname="DESKTOP-7F11FOV" ignored="0" name="Testing Parameterization" tests="1" failures="1" timestamp="19 Feb 2018 19:42:16 GMT" time="0.141" errors="0">
  <testcase name="f" time="0.024" classname="test.LongestStringTest">
    <failure type="java.lang.AssertionError" message="expected [jumped] but found [over&amp;apos;ss]">
      <![CDATA[java.lang.AssertionError: expected [jumped] but found [over'ss]at test.LongestStringTest.f(LongestStringTest.java:26)... Removed 31 stack frames]]>
    </failure>
  </testcase> <!-- f -->
</testsuite> <!-- Testing Parameterization -->
